<?xml version="1.0" encoding="UTF-8"?>
<!-- Generated by org.testng.reporters.JUnitReportReporter -->
<testsuite hostname="Daniels-MBP.home" failures="0" tests="2" name="sw409.RestAssuredDemo.RestDemoTest" time="4.719" errors="0" timestamp="2020-11-13T16:28:47 EST" skipped="0">
  <testcase classname="sw409.RestAssuredDemo.RestDemoTest" name="testAddCustomer" time="2.721"/>
  <system-out/>
  <testcase classname="sw409.RestAssuredDemo.RestDemoTest" name="testGetUser" time="1.998"/>
  <system-out/>
</testsuite> <!-- sw409.RestAssuredDemo.RestDemoTest -->
